<<<<<<< HEAD
﻿  stdafx.cpp
  ClassFactory.cpp
  LANshareShellExt.cpp
c:\users\ema\documents\lanshare\lanshare\lanshareshellext\lanshareshellext.cpp(46): warning C4101: 'szMessage': unreferenced local variable
c:\users\ema\documents\lanshare\lanshare\lanshareshellext\lanshareshellext.cpp(141): warning C4018: '<': signed/unsigned mismatch
  Reg.cpp
  Generating Code...
  dllmain.cpp
     Creating library x86\Debug\LANshareShellExt.lib and object x86\Debug\LANshareShellExt.exp
  LANshareShellExt.vcxproj -> C:\Users\Ema\Documents\LANshare\LANshare\LANshareShellExt\x86\Debug\LANshareShellExt.dll
=======
﻿C:\Program Files (x86)\Microsoft Visual Studio\2017\Enterprise\Common7\IDE\VC\VCTargets\Microsoft.CppBuild.targets(373,5): warning MSB8004: Output Directory does not end with a trailing slash.  This build instance will add the slash as it is required to allow proper evaluation of the Output Directory.
  LANshareShellExt.cpp
c:\users\crema\documents\lanshare\lanshare\lanshareshellext\lanshareshellext.cpp(46): warning C4101: 'szMessage': unreferenced local variable
c:\users\crema\documents\lanshare\lanshare\lanshareshellext\lanshareshellext.cpp(133): warning C4018: '<': signed/unsigned mismatch
     Creating library x64\Debug\LANshareShellExt.lib and object x64\Debug\LANshareShellExt.exp
  LANshareShellExt.vcxproj -> C:\Users\crema\Documents\LANshare\LANshare\LANshareShellExt\x64\Debug\LANshareShellExt.dll
  LANshareShellExt.vcxproj -> x64\Debug\LANshareShellExt.pdb (Partial PDB)
>>>>>>> origin/Ema
