c:\users\crema\documents\lanshare\lanshare\lanshareshellext\debug\lanshareshellext.pch
c:\users\crema\documents\lanshare\lanshare\lanshareshellext\debug\vc141.pdb
c:\users\crema\documents\lanshare\lanshare\lanshareshellext\debug\vc141.idb
c:\users\crema\documents\lanshare\lanshare\lanshareshellext\debug\stdafx.obj
c:\users\crema\documents\lanshare\lanshare\lanshareshellext\debug\classfactory.obj
c:\users\crema\documents\lanshare\lanshare\lanshareshellext\debug\lanshareshellext.obj
c:\users\crema\documents\lanshare\lanshare\lanshareshellext\debug\reg.obj
c:\users\crema\documents\lanshare\lanshare\lanshareshellext\debug\dllmain.obj
c:\users\crema\documents\lanshare\lanshare\lanshareshellext\x86\debug\lanshareshellext.lib
c:\users\crema\documents\lanshare\lanshare\lanshareshellext\x86\debug\lanshareshellext.exp
c:\users\crema\documents\lanshare\lanshare\lanshareshellext\x86\debug\lanshareshellext.ilk
c:\users\crema\documents\lanshare\lanshare\lanshareshellext\x86\debug\lanshareshellext.dll
c:\users\crema\documents\lanshare\lanshare\lanshareshellext\x86\debug\lanshareshellext.pdb
c:\users\crema\documents\lanshare\lanshare\lanshareshellext\debug\lanshareshellext.tlog\cl.command.1.tlog
c:\users\crema\documents\lanshare\lanshare\lanshareshellext\debug\lanshareshellext.tlog\cl.read.1.tlog
c:\users\crema\documents\lanshare\lanshare\lanshareshellext\debug\lanshareshellext.tlog\cl.write.1.tlog
c:\users\crema\documents\lanshare\lanshare\lanshareshellext\debug\lanshareshellext.tlog\lanshareshellext.write.1u.tlog
c:\users\crema\documents\lanshare\lanshare\lanshareshellext\debug\lanshareshellext.tlog\link.command.1.tlog
c:\users\crema\documents\lanshare\lanshare\lanshareshellext\debug\lanshareshellext.tlog\link.read.1.tlog
c:\users\crema\documents\lanshare\lanshare\lanshareshellext\debug\lanshareshellext.tlog\link.write.1.tlog
